<?xml version="1.0" encoding="UTF-8"?>
<testng-results ignored="0" total="1" passed="1" failed="0" skipped="0">
  <reporter-output>
  </reporter-output>
  <suite started-at="2025-12-05T15:58:07 IST" name="Automation Suite" finished-at="2025-12-05T15:58:28 IST" duration-ms="20837">
    <groups>
    </groups>
    <test started-at="2025-12-05T15:58:07 IST" name="Google Tests" finished-at="2025-12-05T15:58:28 IST" duration-ms="20837">
      <class name="com.automation.framework.tests.GoogleTest">
        <test-method is-config="true" signature="setUp()[pri:0, instance:com.automation.framework.tests.GoogleTest@4c402120]" started-at="2025-12-05T15:58:07 IST" name="setUp" finished-at="2025-12-05T15:58:22 IST" duration-ms="14264" status="PASS">
          <reporter-output>
          </reporter-output>
        </test-method> <!-- setUp -->
        <test-method signature="testGoogleSearch()[pri:0, instance:com.automation.framework.tests.GoogleTest@4c402120]" started-at="2025-12-05T15:58:22 IST" name="testGoogleSearch" finished-at="2025-12-05T15:58:28 IST" duration-ms="5850" status="PASS">
          <reporter-output>
          </reporter-output>
        </test-method> <!-- testGoogleSearch -->
        <test-method is-config="true" signature="tearDown()[pri:0, instance:com.automation.framework.tests.GoogleTest@4c402120]" started-at="2025-12-05T15:58:28 IST" name="tearDown" finished-at="2025-12-05T15:58:28 IST" duration-ms="620" status="PASS">
          <reporter-output>
          </reporter-output>
        </test-method> <!-- tearDown -->
      </class> <!-- com.automation.framework.tests.GoogleTest -->
    </test> <!-- Google Tests -->
  </suite> <!-- Automation Suite -->
</testng-results>
